# JRE version: OpenJDK Runtime Environment (Red_Hat-17.0.4.1+1-1) (17.0.4.1+1) (build 17.0.4.1+1-LTS)
# Java VM: OpenJDK 64-Bit Server VM (Red_Hat-17.0.4.1+1-1) (17.0.4.1+1-LTS, mixed mode, sharing, tiered, compressed oops, compressed class ptrs, g1 gc, windows-amd64)
GC Precious Log:
 CPUs: 8 total, 2 available
 Memory: 16026M
 Large Page Support: Disabled
 NUMA Support: Disabled
 Compressed Oops: Enabled (Zero based)
 Heap Region Size: 2M
 Heap Min Capacity: 8M
 Heap Initial Capacity: 252M
 Heap Max Capacity: 4008M
 Pre-touch: Disabled
 Parallel Workers: 2
 Concurrent Workers: 1
 Concurrent Refinement Workers: 2
 Periodic GC: Disabled
Heap:
 garbage-first heap   total 258048K, used 29103K [0x0000000705800000, 0x0000000800000000)
  region size 2048K, 8 young (16384K), 1 survivors (2048K)
 Metaspace       used 14924K, committed 15168K, reserved 1064960K
  class space    used 1658K, committed 1792K, reserved 1048576K
GC Heap History (6 events):
Event: 2.274 GC heap before
{Heap before GC invocations=0 (full 0):
 garbage-first heap   total 258048K, used 16384K [0x0000000705800000, 0x0000000800000000)
  region size 2048K, 6 young (12288K), 0 survivors (0K)
 Metaspace       used 11084K, committed 11264K, reserved 1064960K
  class space    used 1243K, committed 1344K, reserved 1048576K
}
Event: 2.281 GC heap after
{Heap after GC invocations=1 (full 0):
 garbage-first heap   total 258048K, used 8192K [0x0000000705800000, 0x0000000800000000)
  region size 2048K, 1 young (2048K), 1 survivors (2048K)
 Metaspace       used 11084K, committed 11264K, reserved 1064960K
  class space    used 1243K, committed 1344K, reserved 1048576K
}
Event: 13.463 GC heap before
{Heap before GC invocations=1 (full 0):
 garbage-first heap   total 258048K, used 22528K [0x0000000705800000, 0x0000000800000000)
  region size 2048K, 6 young (12288K), 1 survivors (2048K)
 Metaspace       used 14333K, committed 14592K, reserved 1064960K
  class space    used 1619K, committed 1728K, reserved 1048576K
}
Event: 13.471 GC heap after
{Heap after GC invocations=2 (full 0):
 garbage-first heap   total 258048K, used 14702K [0x0000000705800000, 0x0000000800000000)
  region size 2048K, 1 young (2048K), 1 survivors (2048K)
 Metaspace       used 14333K, committed 14592K, reserved 1064960K
  class space    used 1619K, committed 1728K, reserved 1048576K
}
Event: 27.290 GC heap before
{Heap before GC invocations=2 (full 0):
 garbage-first heap   total 258048K, used 24942K [0x0000000705800000, 0x0000000800000000)
  region size 2048K, 6 young (12288K), 1 survivors (2048K)
 Metaspace       used 14699K, committed 14976K, reserved 1064960K
  class space    used 1647K, committed 1792K, reserved 1048576K
}
Event: 27.297 GC heap after
{Heap after GC invocations=3 (full 0):
 garbage-first heap   total 258048K, used 16815K [0x0000000705800000, 0x0000000800000000)
  region size 2048K, 1 young (2048K), 1 survivors (2048K)
 Metaspace       used 14699K, committed 14976K, reserved 1064960K
  class space    used 1647K, committed 1792K, reserved 1048576K
}

